<?xml version='1.0' encoding='UTF-8' ?>
<testsuite name="com.example.dogglers.GridListTests" tests="5" failures="0" errors="0" skipped="0" time="7.577" timestamp="2022-10-09T13:13:15" hostname="localhost">
  <properties>
    <property name="device" value="CPH2213 - 12" />
    <property name="flavor" value="" />
    <property name="project" value=":app" />
  </properties>
  <testcase name="recycler_view_item_count" classname="com.example.dogglers.GridListTests" time="0.794" />
  <testcase name="grid_list_content_on_first_page" classname="com.example.dogglers.GridListTests" time="0.563" />
  <testcase name="vertical_scrolling" classname="com.example.dogglers.GridListTests" time="0.839" />
  <testcase name="grid_list_content_at_last_position" classname="com.example.dogglers.GridListTests" time="0.56" />
  <testcase name="grid_list_content_at_first_position" classname="com.example.dogglers.GridListTests" time="0.814" />
</testsuite>